<?xml version="1.0" encoding="UTF-8"?>
<!-- Generated by org.testng.reporters.JUnitReportReporter -->
<testsuite skipped="0" hostname="GYANESH-PC" name="MyRunner.TestRunner" tests="1" failures="0" timestamp="03 Jun 2020 16:19:40 GMT" time="26.279" errors="0">
  <testcase name="feature" time="26.279" classname="MyRunner.TestRunner"/>
</testsuite> <!-- MyRunner.TestRunner -->
